Determining if the pthread_create exist failed with the following output:
Change Dir: /home/denis/Projects/client/cmake-build-debug/CMakeFiles/CMakeTmp

Run Build Command:"/usr/bin/make" "cmTC_b36da/fast"
/usr/bin/make -f CMakeFiles/cmTC_b36da.dir/build.make CMakeFiles/cmTC_b36da.dir/build
make[1]: Entering directory '/home/denis/Projects/client/cmake-build-debug/CMakeFiles/CMakeTmp'
Building C object CMakeFiles/cmTC_b36da.dir/CheckSymbolExists.c.o
/usr/bin/cc     -o CMakeFiles/cmTC_b36da.dir/CheckSymbolExists.c.o   -c /home/denis/Projects/client/cmake-build-debug/CMakeFiles/CMakeTmp/CheckSymbolExists.c
Linking C executable cmTC_b36da
/home/denis/Downloads/clion-2016.3.2/bin/cmake/bin/cmake -E cmake_link_script CMakeFiles/cmTC_b36da.dir/link.txt --verbose=1
/usr/bin/cc       CMakeFiles/cmTC_b36da.dir/CheckSymbolExists.c.o  -o cmTC_b36da 
CMakeFiles/cmTC_b36da.dir/CheckSymbolExists.c.o: In function `main':
CheckSymbolExists.c:(.text+0x1b): undefined reference to `pthread_create'
collect2: error: ld returned 1 exit status
CMakeFiles/cmTC_b36da.dir/build.make:97: recipe for target 'cmTC_b36da' failed
make[1]: *** [cmTC_b36da] Error 1
make[1]: Leaving directory '/home/denis/Projects/client/cmake-build-debug/CMakeFiles/CMakeTmp'
Makefile:126: recipe for target 'cmTC_b36da/fast' failed
make: *** [cmTC_b36da/fast] Error 2

File /home/denis/Projects/client/cmake-build-debug/CMakeFiles/CMakeTmp/CheckSymbolExists.c:
/* */
#include <pthread.h>

int main(int argc, char** argv)
{
  (void)argv;
#ifndef pthread_create
  return ((int*)(&pthread_create))[argc];
#else
  (void)argc;
  return 0;
#endif
}

Determining if the function pthread_create exists in the pthreads failed with the following output:
Change Dir: /home/denis/Projects/client/cmake-build-debug/CMakeFiles/CMakeTmp

Run Build Command:"/usr/bin/make" "cmTC_c7f0b/fast"
/usr/bin/make -f CMakeFiles/cmTC_c7f0b.dir/build.make CMakeFiles/cmTC_c7f0b.dir/build
make[1]: Entering directory '/home/denis/Projects/client/cmake-build-debug/CMakeFiles/CMakeTmp'
Building C object CMakeFiles/cmTC_c7f0b.dir/CheckFunctionExists.c.o
/usr/bin/cc    -DCHECK_FUNCTION_EXISTS=pthread_create   -o CMakeFiles/cmTC_c7f0b.dir/CheckFunctionExists.c.o   -c /home/denis/Downloads/clion-2016.3.2/bin/cmake/share/cmake-3.6/Modules/CheckFunctionExists.c
Linking C executable cmTC_c7f0b
/home/denis/Downloads/clion-2016.3.2/bin/cmake/bin/cmake -E cmake_link_script CMakeFiles/cmTC_c7f0b.dir/link.txt --verbose=1
/usr/bin/cc   -DCHECK_FUNCTION_EXISTS=pthread_create    CMakeFiles/cmTC_c7f0b.dir/CheckFunctionExists.c.o  -o cmTC_c7f0b -lpthreads 
/usr/bin/ld: cannot find -lpthreads
collect2: error: ld returned 1 exit status
CMakeFiles/cmTC_c7f0b.dir/build.make:97: recipe for target 'cmTC_c7f0b' failed
make[1]: *** [cmTC_c7f0b] Error 1
make[1]: Leaving directory '/home/denis/Projects/client/cmake-build-debug/CMakeFiles/CMakeTmp'
Makefile:126: recipe for target 'cmTC_c7f0b/fast' failed
make: *** [cmTC_c7f0b/fast] Error 2


