Determining if the pthread_create exist failed with the following output:
Change Dir: /media/work/projects/geo/engine/build/CMakeFiles/CMakeTmp

Run Build Command:"/usr/bin/ninja" "cmTC_0c50d"
[1/2] Building C object CMakeFiles/cmTC_0c50d.dir/CheckSymbolExists.c.o
[2/2] Linking C executable cmTC_0c50d
FAILED: cmTC_0c50d 
: && /usr/bin/cc     CMakeFiles/cmTC_0c50d.dir/CheckSymbolExists.c.o  -o cmTC_0c50d   && :
CMakeFiles/cmTC_0c50d.dir/CheckSymbolExists.c.o: In function `main':
CheckSymbolExists.c:(.text+0x16): undefined reference to `pthread_create'
collect2: error: ld returned 1 exit status
ninja: build stopped: subcommand failed.

File /media/work/projects/geo/engine/build/CMakeFiles/CMakeTmp/CheckSymbolExists.c:
/* */
#include <pthread.h>

int main(int argc, char** argv)
{
  (void)argv;
#ifndef pthread_create
  return ((int*)(&pthread_create))[argc];
#else
  (void)argc;
  return 0;
#endif
}

Determining if the function pthread_create exists in the pthreads failed with the following output:
Change Dir: /media/work/projects/geo/engine/build/CMakeFiles/CMakeTmp

Run Build Command:"/usr/bin/ninja" "cmTC_f82a0"
[1/2] Building C object CMakeFiles/cmTC_f82a0.dir/CheckFunctionExists.c.o
[2/2] Linking C executable cmTC_f82a0
FAILED: cmTC_f82a0 
: && /usr/bin/cc  -DCHECK_FUNCTION_EXISTS=pthread_create   CMakeFiles/cmTC_f82a0.dir/CheckFunctionExists.c.o  -o cmTC_f82a0  -lpthreads && :
/usr/bin/ld: cannot find -lpthreads
collect2: error: ld returned 1 exit status
ninja: build stopped: subcommand failed.


